c:\users\palpal\documents\visual studio 2013\projects\pazzleclacnative\pazzleclacnative\debug\vc120.pdb
c:\users\palpal\documents\visual studio 2013\projects\pazzleclacnative\pazzleclacnative\debug\vc120.idb
c:\users\palpal\documents\visual studio 2013\projects\pazzleclacnative\pazzleclacnative\debug\cutout.obj
c:\users\palpal\documents\visual studio 2013\projects\pazzleclacnative\pazzleclacnative\debug\entities.obj
c:\users\palpal\documents\visual studio 2013\projects\pazzleclacnative\pazzleclacnative\debug\interface_cutout_gendxf.obj
c:\users\palpal\documents\visual studio 2013\projects\pazzleclacnative\pazzleclacnative\debug\json_perser.obj
c:\users\palpal\documents\visual studio 2013\projects\pazzleclacnative\pazzleclacnative\debug\main.obj
c:\users\palpal\documents\visual studio 2013\projects\pazzleclacnative\pazzleclacnative\debug\gendxf.obj
c:\users\palpal\documents\visual studio 2013\projects\pazzleclacnative\debug\pazzleclacnative.pdb
c:\users\palpal\documents\visual studio 2013\projects\pazzleclacnative\pazzleclacnative\debug\pazzleclacnative.tlog\cl.command.1.tlog
c:\users\palpal\documents\visual studio 2013\projects\pazzleclacnative\pazzleclacnative\debug\pazzleclacnative.tlog\cl.read.1.tlog
c:\users\palpal\documents\visual studio 2013\projects\pazzleclacnative\pazzleclacnative\debug\pazzleclacnative.tlog\cl.write.1.tlog
c:\users\palpal\documents\visual studio 2013\projects\pazzleclacnative\pazzleclacnative\debug\pazzleclacnative.tlog\link-cvtres.read.1.tlog
c:\users\palpal\documents\visual studio 2013\projects\pazzleclacnative\pazzleclacnative\debug\pazzleclacnative.tlog\link-cvtres.write.1.tlog
c:\users\palpal\documents\visual studio 2013\projects\pazzleclacnative\pazzleclacnative\debug\pazzleclacnative.tlog\link-rc.read.1.tlog
c:\users\palpal\documents\visual studio 2013\projects\pazzleclacnative\pazzleclacnative\debug\pazzleclacnative.tlog\link-rc.write.1.tlog
c:\users\palpal\documents\visual studio 2013\projects\pazzleclacnative\pazzleclacnative\debug\pazzleclacnative.tlog\link.5772-cvtres.read.1.tlog
c:\users\palpal\documents\visual studio 2013\projects\pazzleclacnative\pazzleclacnative\debug\pazzleclacnative.tlog\link.5772-cvtres.write.1.tlog
c:\users\palpal\documents\visual studio 2013\projects\pazzleclacnative\pazzleclacnative\debug\pazzleclacnative.tlog\link.5772-rc.read.1.tlog
c:\users\palpal\documents\visual studio 2013\projects\pazzleclacnative\pazzleclacnative\debug\pazzleclacnative.tlog\link.5772-rc.write.1.tlog
c:\users\palpal\documents\visual studio 2013\projects\pazzleclacnative\pazzleclacnative\debug\pazzleclacnative.tlog\link.5772.read.1.tlog
c:\users\palpal\documents\visual studio 2013\projects\pazzleclacnative\pazzleclacnative\debug\pazzleclacnative.tlog\link.5772.write.1.tlog
c:\users\palpal\documents\visual studio 2013\projects\pazzleclacnative\pazzleclacnative\debug\pazzleclacnative.tlog\link.command.1.tlog
c:\users\palpal\documents\visual studio 2013\projects\pazzleclacnative\pazzleclacnative\debug\pazzleclacnative.tlog\link.read.1.tlog
c:\users\palpal\documents\visual studio 2013\projects\pazzleclacnative\pazzleclacnative\debug\pazzleclacnative.tlog\link.write.1.tlog
